<?xml version="1.0" encoding="UTF-8"?>
<!-- Generated by org.testng.reporters.JUnitReportReporter -->
<testsuite hostname="DESKTOP-8T0BVA6" failures="0" tests="1" name="com.testcases.MobileAddValidation" time="62.746" errors="0" timestamp="2024-03-16T12:27:06 IST" skipped="0">
  <testcase classname="com.testcases.MobileAddValidation" name="gioneeAndTwoGBMobileSelectionTest" time="62.746"/>
</testsuite> <!-- com.testcases.MobileAddValidation -->
